<?xml version="1.0" encoding="UTF-8"?>
<!-- Generated by org.testng.reporters.JUnitReportReporter -->
<testsuite hostname="Sachin-Sharma" failures="0" tests="3" name="com.qa.trcrm.tests.HomePageTest3" time="0.180" errors="0" timestamp="20 Jun 2023 05:05:16 GMT" skipped="0">
  <testcase classname="com.qa.trcrm.tests.HomePageTest3" name="verifyHomePageTitleTest" time="0.035"/>
  <testcase classname="com.qa.trcrm.tests.HomePageTest3" name="verifyHomePageHeaderTest" time="0.103"/>
  <testcase classname="com.qa.trcrm.tests.HomePageTest3" name="verifyLoggedInUserTest" time="0.042"/>
</testsuite> <!-- com.qa.trcrm.tests.HomePageTest3 -->
