<?xml version="1.0" encoding="UTF-8"?>
<!-- Generated by org.testng.reporters.JUnitReportReporter -->
<testsuite hostname="Sachin-Sharma" failures="0" tests="3" name="com.qa.trcrm.tests.LoginPageTest3" time="7.947" errors="0" timestamp="20 Jun 2023 05:05:16 GMT" skipped="0">
  <testcase classname="com.qa.trcrm.tests.LoginPageTest3" name="verifyLoginPageTitleTest" time="0.060"/>
  <testcase classname="com.qa.trcrm.tests.LoginPageTest3" name="verifySignNowLinkTest" time="0.168"/>
  <testcase classname="com.qa.trcrm.tests.LoginPageTest3" name="loginTest" time="7.719"/>
</testsuite> <!-- com.qa.trcrm.tests.LoginPageTest3 -->
