<?xml version="1.0" encoding="UTF-8"?>
<!-- Generated by org.testng.reporters.JUnitReportReporter -->
<testsuite hostname="Sachin-Sharma" failures="0" tests="3" name="com.qa.trcrm.tests.HomePageTest" time="0.164" errors="0" timestamp="22 Jun 2023 10:29:52 GMT" skipped="0">
  <testcase classname="com.qa.trcrm.tests.HomePageTest" name="verifyHomePageTitleTest" time="0.040"/>
  <testcase classname="com.qa.trcrm.tests.HomePageTest" name="verifyHomePageHeaderTest" time="0.088"/>
  <testcase classname="com.qa.trcrm.tests.HomePageTest" name="verifyLoggedInUserTest" time="0.036"/>
</testsuite> <!-- com.qa.trcrm.tests.HomePageTest -->
