<?xml version="1.0" encoding="UTF-8"?>
<!-- Generated by org.testng.reporters.JUnitReportReporter -->
<testsuite hostname="Sachin-Sharma" failures="0" tests="3" name="com.qa.trcrm.tests.HomePageTest" time="0.239" errors="0" timestamp="21 Jun 2023 17:47:17 GMT" skipped="0">
  <testcase classname="com.qa.trcrm.tests.HomePageTest" name="verifyHomePageTitleTest" time="0.051"/>
  <testcase classname="com.qa.trcrm.tests.HomePageTest" name="verifyHomePageHeaderTest" time="0.135"/>
  <testcase classname="com.qa.trcrm.tests.HomePageTest" name="verifyLoggedInUserTest" time="0.053"/>
</testsuite> <!-- com.qa.trcrm.tests.HomePageTest -->
