<?xml version="1.0" encoding="UTF-8"?>
<!-- Generated by org.testng.reporters.JUnitReportReporter -->
<testsuite skipped="1" hostname="Sachin-Sharma" name="com.qa.trcrm.tests.LoginPageTest" tests="4" failures="0" timestamp="20 Jun 2023 18:56:27 GMT" time="14.159" errors="0">
  <testcase name="verifyLoginPageTitleTest" time="0.021" classname="com.qa.trcrm.tests.LoginPageTest"/>
  <testcase name="verifySignNowLinkTest" time="0.142" classname="com.qa.trcrm.tests.LoginPageTest"/>
  <testcase name="loginTest" time="13.996" classname="com.qa.trcrm.tests.LoginPageTest"/>
  <testcase name="login_InvalidTestCases" classname="com.qa.trcrm.tests.LoginPageTest">
    <skipped/>
  </testcase> <!-- login_InvalidTestCases -->
</testsuite> <!-- com.qa.trcrm.tests.LoginPageTest -->
